<?xml version="1.0" encoding="UTF-8"?>
<testsuite name="com.mycompany.integration.ruby.RubyIntegrationTests" time="19.64" tests="5" errors="0" skipped="0" failures="0">
  <properties>
[...]
</properties>
  <testcase name="src/test/resources/integration_tests/ruby|basic_integration_test.rb|test_http" classname="com.mycompany.integration.ruby.RubyIntegrationTests" time="12.787"/>
  <testcase name="src/test/resources/integration_tests/ruby|basic_integration_test.rb|test_deploy_arbitrary_verticle" classname="com.mycompany.integration.ruby.RubyIntegrationTests" time="1.591"/>
  <testcase name="src/test/resources/integration_tests/ruby|basic_integration_test.rb|test_complete_on_timer" classname="com.mycompany.integration.ruby.RubyIntegrationTests" time="2.532"/>
  <testcase name="src/test/resources/integration_tests/ruby|module_integration_test.rb|test_ping" classname="com.mycompany.integration.ruby.RubyIntegrationTests" time="1.32"/>
  <testcase name="src/test/resources/integration_tests/ruby|module_integration_test.rb|test_something_else" classname="com.mycompany.integration.ruby.RubyIntegrationTests" time="1.41"/>
</testsuite>